c:\users\willi\documents\githubprojects\ipstreaming\ipstreamingcpp\x64\debug\amcrestmotiondetection\amcrestmotiondetection.winmd
c:\users\willi\documents\githubprojects\ipstreaming\ipstreamingcpp\x64\debug\amcrestmotiondetection\amcrestmotiondetection.lib
c:\users\willi\documents\githubprojects\ipstreaming\ipstreamingcpp\x64\debug\amcrestmotiondetection\amcrestmotiondetection.exp
c:\users\willi\documents\githubprojects\ipstreaming\ipstreamingcpp\amcrestmotiondetection\x64\debug\amcrestmotiondetection.vcxprojassemblyreference.cache
c:\users\willi\documents\githubprojects\ipstreaming\ipstreamingcpp\amcrestmotiondetection\x64\debug\priconfig.xml
c:\users\willi\documents\githubprojects\ipstreaming\ipstreamingcpp\amcrestmotiondetection\x64\debug\priconfig.xml.intermediate
c:\users\willi\documents\githubprojects\ipstreaming\ipstreamingcpp\amcrestmotiondetection\x64\debug\unfiltered.layout.resfiles
c:\users\willi\documents\githubprojects\ipstreaming\ipstreamingcpp\amcrestmotiondetection\x64\debug\unfiltered.layout.resfiles.intermediate
c:\users\willi\documents\githubprojects\ipstreaming\ipstreamingcpp\amcrestmotiondetection\x64\debug\filtered.layout.resfiles
c:\users\willi\documents\githubprojects\ipstreaming\ipstreamingcpp\amcrestmotiondetection\x64\debug\filtered.layout.resfiles.intermediate
c:\users\willi\documents\githubprojects\ipstreaming\ipstreamingcpp\amcrestmotiondetection\x64\debug\excluded.layout.resfiles
c:\users\willi\documents\githubprojects\ipstreaming\ipstreamingcpp\amcrestmotiondetection\x64\debug\excluded.layout.resfiles.intermediate
c:\users\willi\documents\githubprojects\ipstreaming\ipstreamingcpp\amcrestmotiondetection\x64\debug\resources.resfiles
c:\users\willi\documents\githubprojects\ipstreaming\ipstreamingcpp\amcrestmotiondetection\x64\debug\resources.resfiles.intermediate
c:\users\willi\documents\githubprojects\ipstreaming\ipstreamingcpp\amcrestmotiondetection\x64\debug\pri.resfiles
c:\users\willi\documents\githubprojects\ipstreaming\ipstreamingcpp\amcrestmotiondetection\x64\debug\pri.resfiles.intermediate
c:\users\willi\documents\githubprojects\ipstreaming\ipstreamingcpp\x64\debug\amcrestmotiondetection\amcrestmotiondetection.pri
c:\users\willi\documents\githubprojects\ipstreaming\ipstreamingcpp\amcrestmotiondetection\x64\debug\qualifiers.txt
c:\users\willi\documents\githubprojects\ipstreaming\ipstreamingcpp\amcrestmotiondetection\x64\debug\qualifiers.txt.intermediate
c:\users\willi\documents\githubprojects\ipstreaming\ipstreamingcpp\amcrestmotiondetection\x64\debug\multiplequalifiersperdimensionfound.txt
c:\users\willi\documents\githubprojects\ipstreaming\ipstreamingcpp\amcrestmotiondetection\x64\debug\pch.pch
c:\users\willi\documents\githubprojects\ipstreaming\ipstreamingcpp\amcrestmotiondetection\x64\debug\vc142.pdb
c:\users\willi\documents\githubprojects\ipstreaming\ipstreamingcpp\amcrestmotiondetection\x64\debug\vc142.idb
c:\users\willi\documents\githubprojects\ipstreaming\ipstreamingcpp\amcrestmotiondetection\x64\debug\pch.obj
c:\users\willi\documents\githubprojects\ipstreaming\ipstreamingcpp\amcrestmotiondetection\x64\debug\amcrestmotiondetection.obj
c:\users\willi\documents\githubprojects\ipstreaming\ipstreamingcpp\x64\debug\amcrestmotiondetection\amcrestmotiondetection.dll
c:\users\willi\documents\githubprojects\ipstreaming\ipstreamingcpp\x64\debug\amcrestmotiondetection\amcrestmotiondetection.ilk
c:\users\willi\documents\githubprojects\ipstreaming\ipstreamingcpp\x64\debug\amcrestmotiondetection\amcrestmotiondetection.pdb
c:\users\willi\documents\githubprojects\ipstreaming\ipstreamingcpp\amcrestmotiondetection\x64\debug\amcrestm.b6068304.tlog\amcrestmotiondetection.read.1u.tlog
c:\users\willi\documents\githubprojects\ipstreaming\ipstreamingcpp\amcrestmotiondetection\x64\debug\amcrestm.b6068304.tlog\amcrestmotiondetection.write.1u.tlog
c:\users\willi\documents\githubprojects\ipstreaming\ipstreamingcpp\amcrestmotiondetection\x64\debug\amcrestm.b6068304.tlog\cl.command.1.tlog
c:\users\willi\documents\githubprojects\ipstreaming\ipstreamingcpp\amcrestmotiondetection\x64\debug\amcrestm.b6068304.tlog\cl.read.1.tlog
c:\users\willi\documents\githubprojects\ipstreaming\ipstreamingcpp\amcrestmotiondetection\x64\debug\amcrestm.b6068304.tlog\cl.write.1.tlog
c:\users\willi\documents\githubprojects\ipstreaming\ipstreamingcpp\amcrestmotiondetection\x64\debug\amcrestm.b6068304.tlog\link.13920.delete.1.tlog
c:\users\willi\documents\githubprojects\ipstreaming\ipstreamingcpp\amcrestmotiondetection\x64\debug\amcrestm.b6068304.tlog\link.14156.delete.1.tlog
c:\users\willi\documents\githubprojects\ipstreaming\ipstreamingcpp\amcrestmotiondetection\x64\debug\amcrestm.b6068304.tlog\link.15292.delete.1.tlog
c:\users\willi\documents\githubprojects\ipstreaming\ipstreamingcpp\amcrestmotiondetection\x64\debug\amcrestm.b6068304.tlog\link.20844.delete.1.tlog
c:\users\willi\documents\githubprojects\ipstreaming\ipstreamingcpp\amcrestmotiondetection\x64\debug\amcrestm.b6068304.tlog\link.2308.delete.1.tlog
c:\users\willi\documents\githubprojects\ipstreaming\ipstreamingcpp\amcrestmotiondetection\x64\debug\amcrestm.b6068304.tlog\link.command.1.tlog
c:\users\willi\documents\githubprojects\ipstreaming\ipstreamingcpp\amcrestmotiondetection\x64\debug\amcrestm.b6068304.tlog\link.read.1.tlog
c:\users\willi\documents\githubprojects\ipstreaming\ipstreamingcpp\amcrestmotiondetection\x64\debug\amcrestm.b6068304.tlog\link.write.1.tlog
